# JRE version: OpenJDK Runtime Environment Temurin-17.0.13+11 (17.0.13+11) (build 17.0.13+11)
# Java VM: OpenJDK 64-Bit Server VM Temurin-17.0.13+11 (17.0.13+11, mixed mode, tiered, compressed oops, compressed class ptrs, g1 gc, windows-amd64)
GC Precious Log:
 CPUs: 12 total, 12 available
 Memory: 6005M
 Large Page Support: Disabled
 NUMA Support: Disabled
 Compressed Oops: Enabled (32-bit)
 Heap Region Size: 1M
 Heap Min Capacity: 8M
 Heap Initial Capacity: 94M
 Heap Max Capacity: 1502M
 Pre-touch: Disabled
 Parallel Workers: 10
 Concurrent Workers: 3
 Concurrent Refinement Workers: 10
 Periodic GC: Disabled
Heap:
 garbage-first heap   total 174080K, used 107946K [0x00000000a2200000, 0x0000000100000000)
  region size 1024K, 5 young (5120K), 5 survivors (5120K)
 Metaspace       used 78226K, committed 78912K, reserved 1179648K
  class space    used 10684K, committed 11008K, reserved 1048576K
GC Heap History (20 events):
Event: 16.388 GC heap after
{Heap after GC invocations=24 (full 0):
 garbage-first heap   total 70656K, used 47104K [0x00000000a2200000, 0x0000000100000000)
  region size 1024K, 3 young (3072K), 3 survivors (3072K)
 Metaspace       used 77983K, committed 78592K, reserved 1179648K
  class space    used 10610K, committed 10944K, reserved 1048576K
}
Event: 16.467 GC heap before
{Heap before GC invocations=25 (full 0):
 garbage-first heap   total 86016K, used 55296K [0x00000000a2200000, 0x0000000100000000)
  region size 1024K, 11 young (11264K), 3 survivors (3072K)
 Metaspace       used 77983K, committed 78592K, reserved 1179648K
  class space    used 10610K, committed 10944K, reserved 1048576K
}
Event: 16.472 GC heap after
{Heap after GC invocations=26 (full 0):
 garbage-first heap   total 86016K, used 50176K [0x00000000a2200000, 0x0000000100000000)
  region size 1024K, 2 young (2048K), 2 survivors (2048K)
 Metaspace       used 77983K, committed 78592K, reserved 1179648K
  class space    used 10610K, committed 10944K, reserved 1048576K
}
Event: 16.594 GC heap before
{Heap before GC invocations=26 (full 0):
 garbage-first heap   total 86016K, used 64512K [0x00000000a2200000, 0x0000000100000000)
  region size 1024K, 16 young (16384K), 2 survivors (2048K)
 Metaspace       used 77983K, committed 78592K, reserved 1179648K
  class space    used 10610K, committed 10944K, reserved 1048576K
}
Event: 16.598 GC heap after
{Heap after GC invocations=27 (full 0):
 garbage-first heap   total 86016K, used 51771K [0x00000000a2200000, 0x0000000100000000)
  region size 1024K, 2 young (2048K), 2 survivors (2048K)
 Metaspace       used 77983K, committed 78592K, reserved 1179648K
  class space    used 10610K, committed 10944K, reserved 1048576K
}
Event: 16.765 GC heap before
{Heap before GC invocations=28 (full 0):
 garbage-first heap   total 87040K, used 59963K [0x00000000a2200000, 0x0000000100000000)
  region size 1024K, 15 young (15360K), 2 survivors (2048K)
 Metaspace       used 77986K, committed 78592K, reserved 1179648K
  class space    used 10610K, committed 10944K, reserved 1048576K
}
Event: 16.768 GC heap after
{Heap after GC invocations=29 (full 0):
 garbage-first heap   total 87040K, used 48391K [0x00000000a2200000, 0x0000000100000000)
  region size 1024K, 2 young (2048K), 2 survivors (2048K)
 Metaspace       used 77986K, committed 78592K, reserved 1179648K
  class space    used 10610K, committed 10944K, reserved 1048576K
}
Event: 16.784 GC heap before
{Heap before GC invocations=29 (full 0):
 garbage-first heap   total 87040K, used 50439K [0x00000000a2200000, 0x0000000100000000)
  region size 1024K, 4 young (4096K), 2 survivors (2048K)
 Metaspace       used 77986K, committed 78592K, reserved 1179648K
  class space    used 10610K, committed 10944K, reserved 1048576K
}
Event: 16.787 GC heap after
{Heap after GC invocations=30 (full 0):
 garbage-first heap   total 87040K, used 47978K [0x00000000a2200000, 0x0000000100000000)
  region size 1024K, 1 young (1024K), 1 survivors (1024K)
 Metaspace       used 77986K, committed 78592K, reserved 1179648K
  class space    used 10610K, committed 10944K, reserved 1048576K
}
Event: 16.989 GC heap before
{Heap before GC invocations=30 (full 0):
 garbage-first heap   total 87040K, used 65386K [0x00000000a2200000, 0x0000000100000000)
  region size 1024K, 18 young (18432K), 1 survivors (1024K)
 Metaspace       used 78113K, committed 78848K, reserved 1179648K
  class space    used 10646K, committed 11008K, reserved 1048576K
}
Event: 16.995 GC heap after
{Heap after GC invocations=31 (full 0):
 garbage-first heap   total 174080K, used 51008K [0x00000000a2200000, 0x0000000100000000)
  region size 1024K, 3 young (3072K), 3 survivors (3072K)
 Metaspace       used 78113K, committed 78848K, reserved 1179648K
  class space    used 10646K, committed 11008K, reserved 1048576K
}
Event: 17.443 GC heap before
{Heap before GC invocations=32 (full 0):
 garbage-first heap   total 174080K, used 109376K [0x00000000a2200000, 0x0000000100000000)
  region size 1024K, 61 young (62464K), 3 survivors (3072K)
 Metaspace       used 78222K, committed 78848K, reserved 1179648K
  class space    used 10684K, committed 11008K, reserved 1048576K
}
Event: 17.452 GC heap after
{Heap after GC invocations=33 (full 0):
 garbage-first heap   total 174080K, used 56924K [0x00000000a2200000, 0x0000000100000000)
  region size 1024K, 8 young (8192K), 8 survivors (8192K)
 Metaspace       used 78222K, committed 78848K, reserved 1179648K
  class space    used 10684K, committed 11008K, reserved 1048576K
}
Event: 17.456 GC heap before
{Heap before GC invocations=33 (full 0):
 garbage-first heap   total 174080K, used 57948K [0x00000000a2200000, 0x0000000100000000)
  region size 1024K, 9 young (9216K), 8 survivors (8192K)
 Metaspace       used 78222K, committed 78848K, reserved 1179648K
  class space    used 10684K, committed 11008K, reserved 1048576K
}
Event: 17.462 GC heap after
{Heap after GC invocations=34 (full 0):
 garbage-first heap   total 174080K, used 55260K [0x00000000a2200000, 0x0000000100000000)
  region size 1024K, 2 young (2048K), 2 survivors (2048K)
 Metaspace       used 78222K, committed 78848K, reserved 1179648K
  class space    used 10684K, committed 11008K, reserved 1048576K
}
Event: 17.712 GC heap before
{Heap before GC invocations=34 (full 0):
 garbage-first heap   total 174080K, used 122844K [0x00000000a2200000, 0x0000000100000000)
  region size 1024K, 67 young (68608K), 2 survivors (2048K)
 Metaspace       used 78222K, committed 78848K, reserved 1179648K
  class space    used 10684K, committed 11008K, reserved 1048576K
}
Event: 17.733 GC heap after
{Heap after GC invocations=35 (full 0):
 garbage-first heap   total 174080K, used 80678K [0x00000000a2200000, 0x0000000100000000)
  region size 1024K, 9 young (9216K), 9 survivors (9216K)
 Metaspace       used 78222K, committed 78848K, reserved 1179648K
  class space    used 10684K, committed 11008K, reserved 1048576K
}
Event: 17.898 GC heap before
{Heap before GC invocations=35 (full 0):
 garbage-first heap   total 174080K, used 125734K [0x00000000a2200000, 0x0000000100000000)
  region size 1024K, 51 young (52224K), 9 survivors (9216K)
 Metaspace       used 78224K, committed 78912K, reserved 1179648K
  class space    used 10684K, committed 11008K, reserved 1048576K
}
Event: 17.919 GC heap after
{Heap after GC invocations=36 (full 0):
 garbage-first heap   total 174080K, used 100352K [0x00000000a2200000, 0x0000000100000000)
  region size 1024K, 7 young (7168K), 7 survivors (7168K)
 Metaspace       used 78224K, committed 78912K, reserved 1179648K
  class space    used 10684K, committed 11008K, reserved 1048576K
}
Event: 18.034 GC heap before
{Heap before GC invocations=36 (full 0):
 garbage-first heap   total 174080K, used 130048K [0x00000000a2200000, 0x0000000100000000)
  region size 1024K, 36 young (36864K), 7 survivors (7168K)
 Metaspace       used 78226K, committed 78912K, reserved 1179648K
  class space    used 10684K, committed 11008K, reserved 1048576K
}

